<?xml version="1.0" encoding="UTF-8"?>
<!-- Generated by org.testng.reporters.JUnitReportReporter -->
<testsuite hostname="LCE30020" failures="0" tests="2" name="runners.MainRunner" time="23.053" errors="0" timestamp="2024-03-01T13:33:31 CET" skipped="0">
  <testcase classname="runners.MainRunner" name="runScenario" time="12.076"/>
  <testcase classname="runners.MainRunner" name="runScenario" time="10.977"/>
</testsuite> <!-- runners.MainRunner -->
